#
# A fatal error has been detected by the Java Runtime Environment:
#
#  EXCEPTION_ACCESS_VIOLATION (0xc0000005) at pc=0x00007ff9964c9aa0, pid=9308, tid=7344
#
# JRE version: OpenJDK Runtime Environment Corretto-17.0.7.7.1 (17.0.7+7) (build 17.0.7+7-LTS)
# Java VM: OpenJDK 64-Bit Server VM Corretto-17.0.7.7.1 (17.0.7+7-LTS, mixed mode, sharing, tiered, compressed oops, compressed class ptrs, g1 gc, windows-amd64)
# Problematic frame:
# C  [skiko-windows-x64.dll+0x69aa0]
#
# No core dump will be written. Minidumps are not enabled by default on client versions of Windows
#
# If you would like to submit a bug report, please visit:
#   https://github.com/corretto/corretto-17/issues/
# The crash happened outside the Java Virtual Machine in native code.
# See problematic frame for where to report the bug.
#

---------------  S U M M A R Y ------------

Command Line: -agentlib:jdwp=transport=dt_socket,address=127.0.0.1:49861,suspend=y,server=n -Djava.library.path=C:\Users\Patricio Cifredo\INTELIJ PROYECTOS\PROYECTO_TIENDA_DISCOS\build\classes\kotlin\jvm\main -javaagent:C:/Users/Patricio Cifredo/.gradle/caches/modules-2/files-2.1/org.jetbrains.kotlinx/kotlinx-coroutines-core-jvm/1.6.1/97fd74ccf54a863d221956ffcd21835e168e2aaa/kotlinx-coroutines-core-jvm-1.6.1.jar -javaagent:C:\Users\PATRIC~1\AppData\Local\Temp\captureAgent5jars\debugger-agent.jar=file:/C:/Users/PATRIC~1/AppData/Local/Temp/capture.props -Dfile.encoding=UTF-8 TiendaKt

Host: Intel(R) Core(TM) i5-7267U CPU @ 3.10GHz, 4 cores, 15G,  Windows 10 , 64 bit Build 19041 (10.0.19041.928)
Time: Mon May 15 20:40:10 2023 Hora de verano romance elapsed time: 83.414785 seconds (0d 0h 1m 23s)

---------------  T H R E A D  ---------------

Current thread (0x0000020cff98acb0):  JavaThread "AWT-EventQueue-0" [_thread_in_native, id=7344, stack(0x0000000e60800000,0x0000000e60900000)]

Stack: [0x0000000e60800000,0x0000000e60900000],  sp=0x0000000e608fd8a8,  free space=1014k
Native frames: (J=compiled Java code, j=interpreted, Vv=VM code, C=native code)
C  [skiko-windows-x64.dll+0x69aa0]

Java frames: (J=compiled Java code, j=interpreted, Vv=VM code)
j  org.jetbrains.skia.impl.RefCnt._nGetRefCount(J)I+0
j  org.jetbrains.skia.impl.RefCnt$Companion._nGetRefCount(J)I+1
j  org.jetbrains.skia.impl.RefCnt.getRefCount()I+14
j  org.jetbrains.skia.impl.RefCnt.toString()Ljava/lang/String;+40
v  ~StubRoutines::call_stub
j  org.jetbrains.skia.impl.Managed.close()V+123
j  org.jetbrains.skiko.SkiaLayer.update$skiko(J)V+279
j  org.jetbrains.skiko.redrawer.AWTRedrawer.update(J)V+57
j  org.jetbrains.skiko.redrawer.Direct3DRedrawer$frameDispatcher$1.invokeSuspend(Ljava/lang/Object;)Ljava/lang/Object;+56
j  org.jetbrains.skiko.redrawer.Direct3DRedrawer$frameDispatcher$1.invoke(Lkotlin/coroutines/Continuation;)Ljava/lang/Object;+11
j  org.jetbrains.skiko.redrawer.Direct3DRedrawer$frameDispatcher$1.invoke(Ljava/lang/Object;)Ljava/lang/Object;+5
j  org.jetbrains.skiko.FrameDispatcher$job$1.invokeSuspend(Ljava/lang/Object;)Ljava/lang/Object;+100
J 1833 c1 kotlin.coroutines.jvm.internal.BaseContinuationImpl.resumeWith(Ljava/lang/Object;)V (128 bytes) @ 0x0000020ce01daae4 [0x0000020ce01da5e0+0x0000000000000504]
J 1716 c1 kotlinx.coroutines.DispatchedTask.run()V (585 bytes) @ 0x0000020ce01a7324 [0x0000020ce01a5f00+0x0000000000001424]
J 1733 c1 java.awt.event.InvocationEvent.dispatch$$$capture()V java.desktop@17.0.7 (69 bytes) @ 0x0000020ce01b589c [0x0000020ce01b5680+0x000000000000021c]
J 1731 c1 java.awt.event.InvocationEvent.dispatch()V java.desktop@17.0.7 (18 bytes) @ 0x0000020ce01b2b84 [0x0000020ce01b2ae0+0x00000000000000a4]
j  java.awt.EventQueue.dispatchEventImpl(Ljava/awt/AWTEvent;Ljava/lang/Object;)V+21 java.desktop@17.0.7
j  java.awt.EventQueue$4.run()Ljava/lang/Void;+32 java.desktop@17.0.7
J 1668 c1 java.awt.EventQueue.dispatchEvent(Ljava/awt/AWTEvent;)V java.desktop@17.0.7 (80 bytes) @ 0x0000020ce0186f44 [0x0000020ce0186960+0x00000000000005e4]
j  java.awt.EventDispatchThread.pumpOneEventForFilters(I)V+78 java.desktop@17.0.7
j  java.awt.EventDispatchThread.pumpEventsForFilter(ILjava/awt/Conditional;Ljava/awt/EventFilter;)V+35 java.desktop@17.0.7
j  java.awt.EventDispatchThread.pumpEventsForHierarchy(ILjava/awt/Conditional;Ljava/awt/Component;)V+11 java.desktop@17.0.7
j  java.awt.EventDispatchThread.pumpEvents(ILjava/awt/Conditional;)V+4 java.desktop@17.0.7
j  java.awt.EventDispatchThread.pumpEvents(Ljava/awt/Conditional;)V+3 java.desktop@17.0.7
j  java.awt.EventDispatchThread.run()V+9 java.desktop@17.0.7
v  ~StubRoutines::call_stub

siginfo: EXCEPTION_ACCESS_VIOLATION (0xc0000005), reading address 0x0000000000000008


Register to memory mapping:

RIP=0x00007ff9964c9aa0 skiko-windows-x64.dll
RAX=0x00007ff996485b58 skiko-windows-x64.dll
RBX={method} {0x0000020cfb99c280} '_nGetRefCount' '(J)I' in 'org/jetbrains/skia/impl/RefCnt'
RCX=0x0000020cff98af58 points into unknown readable memory: 0x00007ff9a29172c0 | c0 72 91 a2 f9 7f 00 00
RDX=0x0000000e608fd940 is pointing into the stack for thread: 0x0000020cff98acb0
RSP=0x0000000e608fd8a8 is pointing into the stack for thread: 0x0000020cff98acb0
RBP=0x0000000e608fd930 is pointing into the stack for thread: 0x0000020cff98acb0
RSI=0x0 is NULL
RDI=0x0000020ce73d9efa is at code_begin+3482 in an Interpreter codelet
return entry points  [0x0000020ce73d9160, 0x0000020ce73db380]  8736 bytes
R8 =0x0 is NULL
R9 =0x0000000000000007 is an unknown value
R10=0x0000020ce73e1337 is at code_begin+1911 in an Interpreter codelet
method entry point (kind = native)  [0x0000020ce73e0bc0, 0x0000020ce73e1ce0]  4384 bytes
R11=0x000000070240b508 is an oop: java.lang.Class 
{0x000000070240b508} - klass: 'java/lang/Class'
 - ---- fields (total size 15 words):
 - private volatile transient 'classRedefinedCount' 'I' @12  0
 - private volatile transient 'cachedConstructor' 'Ljava/lang/reflect/Constructor;' @40  NULL (0)
 - private transient 'name' 'Ljava/lang/String;' @44  "org.jetbrains.skia.impl.RefCnt"{0x000000070240b590} (e04816b2)
 - private transient 'module' 'Ljava/lang/Module;' @48  a 'java/lang/Module'{0x000000070157d080} (e02afa10)
 - private final 'classLoader' 'Ljava/lang/ClassLoader;' @52  a 'jdk/internal/loader/ClassLoaders$AppClassLoader'{0x000000070152c330} (e02a5866)
 - private transient 'classData' 'Ljava/lang/Object;' @56  NULL (0)
 - private transient 'packageName' 'Ljava/lang/String;' @60  "org.jetbrains.skia.impl"{0x0000000702294498} (e0452893)
 - private final 'componentType' 'Ljava/lang/Class;' @64  NULL (0)
 - private volatile transient 'reflectionData' 'Ljava/lang/ref/SoftReference;' @68  NULL (0)
 - private volatile transient 'genericInfo' 'Lsun/reflect/generics/repository/ClassRepository;' @72  NULL (0)
 - private volatile transient 'enumConstants' '[Ljava/lang/Object;' @76  NULL (0)
 - private volatile transient 'enumConstantDirectory' 'Ljava/util/Map;' @80  NULL (0)
 - private volatile transient 'annotationData' 'Ljava/lang/Class$AnnotationData;' @84  NULL (0)
 - private volatile transient 'annotationType' 'Lsun/reflect/annotation/AnnotationType;' @88  NULL (0)
 - transient 'classValueMap' 'Ljava/lang/ClassValue$ClassValueMap;' @92  NULL (0)
 - signature: Lorg/jetbrains/skia/impl/RefCnt;
 - fake entry for mirror: 'org/jetbrains/skia/impl/RefCnt'
 - fake entry for array: 'org/jetbrains/skia/impl/RefCnt'[]
 - fake entry for oop_size: 15
 - fake entry for static_oop_field_count: 1
 - public static final 'Companion' 'Lorg/jetbrains/skia/impl/RefCnt$Companion;' @112  a 'org/jetbrains/skia/impl/RefCnt$Companion'{0x000000070240b580} (e04816b0)
R12=0x0 is NULL
R13=0x0000020cfb99c270 is pointing into metadata
R14=0x0000000e608fd958 is pointing into the stack for thread: 0x0000020cff98acb0
R15=0x0000020cff98acb0 is a thread


Registers:
RAX=0x00007ff996485b58, RBX=0x0000020cfb99c278, RCX=0x0000020cff98af58, RDX=0x0000000e608fd940
RSP=0x0000000e608fd8a8, RBP=0x0000000e608fd930, RSI=0x0000000000000000, RDI=0x0000020ce73d9efa
R8 =0x0000000000000000, R9 =0x0000000000000007, R10=0x0000020ce73e1337, R11=0x000000070240b508
R12=0x0000000000000000, R13=0x0000020cfb99c270, R14=0x0000000e608fd958, R15=0x0000020cff98acb0
RIP=0x00007ff9964c9aa0, EFLAGS=0x0000000000010283

Top of Stack: (sp=0x0000000e608fd8a8)
0x0000000e608fd8a8:   0000020ce73e1366 0000020ce73d9efa
0x0000000e608fd8b8:   0000020ce73e0e76 0000020cfb99c278
0x0000000e608fd8c8:   0000020ce73dfa7c 0000020ce73d8e10
0x0000000e608fd8d8:   0000020c00000000 0000020ce73e0e1d
0x0000000e608fd8e8:   0000000e608fd8e8 0000020cfb99c270
0x0000000e608fd8f8:   0000000e608fd958 0000020cfb99c460
0x0000000e608fd908:   0000000000000000 000000070240b508
0x0000000e608fd918:   0000020cfb99c278 0000000000000000
0x0000000e608fd928:   0000000e608fd950 0000000e608fd9a8
0x0000000e608fd938:   0000020ce73da322 000000070240b508
0x0000000e608fd948:   0000020ce73dd4f6 0000000000000000
0x0000000e608fd958:   0000000000000000 0000000e608fd960
0x0000000e608fd968:   0000020cfb99cca1 0000000e608fd9c8
0x0000000e608fd978:   0000020cfb99ce78 0000000000000000
0x0000000e608fd988:   000000070240b448 0000020cfb99ccc8
0x0000000e608fd998:   0000000e608fd950 0000000e608fd9b8 

Instructions: (pc=0x00007ff9964c9aa0)
0x00007ff9964c99a0:   cc cc cc cc cc cc cc cc cc cc cc cc cc cc cc cc
0x00007ff9964c99b0:   49 8b c9 49 ff e0 cc cc cc cc cc cc cc cc cc cc
0x00007ff9964c99c0:   48 8b c1 c3 cc cc cc cc cc cc cc cc cc cc cc cc
0x00007ff9964c99d0:   83 f9 05 77 16 48 63 c1 48 8d 15 21 66 f9 ff 8b
0x00007ff9964c99e0:   8c 82 f0 99 06 00 48 03 ca ff e1 90 c3 0f 1f 00
0x00007ff9964c99f0:   ec 99 06 00 eb 99 06 00 eb 99 06 00 eb 99 06 00
0x00007ff9964c9a00:   eb 99 06 00 eb 99 06 00 cc cc cc cc cc cc cc cc
0x00007ff9964c9a10:   cc cc cc cc cc cc cc cc cc cc cc cc cc cc cc cc
0x00007ff9964c9a20:   8b 01 83 fa 05 77 17 48 63 ca 4c 8d 05 cf 65 f9
0x00007ff9964c9a30:   ff 41 8b 94 88 40 9a 06 00 49 03 d0 ff e2 90 c3
0x00007ff9964c9a40:   3f 9a 06 00 3e 9a 06 00 3e 9a 06 00 3e 9a 06 00
0x00007ff9964c9a50:   3e 9a 06 00 3e 9a 06 00 cc cc cc cc cc cc cc cc
0x00007ff9964c9a60:   cc cc cc cc cc cc cc cc cc cc cc cc cc cc cc cc
0x00007ff9964c9a70:   b8 ff ff ff ff f0 0f c1 41 08 83 f8 01 75 07 48
0x00007ff9964c9a80:   8b 01 48 ff 60 08 c3 cc cc cc cc cc cc cc cc cc
0x00007ff9964c9a90:   48 8d 05 c0 e9 fb ff c3 cc cc cc cc cc cc cc cc
0x00007ff9964c9aa0:   41 8b 40 08 c3 cc cc cc cc cc cc cc cc cc cc cc
0x00007ff9964c9ab0:   48 c7 01 00 00 00 00 48 8b c1 c3 cc cc cc cc cc
0x00007ff9964c9ac0:   48 c7 01 00 00 00 00 48 8b c1 c3 cc cc cc cc cc
0x00007ff9964c9ad0:   48 c7 01 00 00 00 00 48 8b c1 c3 cc cc cc cc cc
0x00007ff9964c9ae0:   48 c7 01 00 00 00 00 48 8b c1 c3 cc cc cc cc cc
0x00007ff9964c9af0:   48 c7 01 00 00 00 00 48 8b c1 c3 cc cc cc cc cc
0x00007ff9964c9b00:   49 8b 00 48 89 01 48 8b c1 c3 cc cc cc cc cc cc
0x00007ff9964c9b10:   49 8b 00 48 89 01 48 8b c1 c3 cc cc cc cc cc cc
0x00007ff9964c9b20:   49 8b 00 48 89 01 48 8b c1 c3 cc cc cc cc cc cc
0x00007ff9964c9b30:   49 8b 00 48 89 01 48 8b c1 c3 cc cc cc cc cc cc
0x00007ff9964c9b40:   49 8b 00 48 89 01 48 8b c1 c3 cc cc cc cc cc cc
0x00007ff9964c9b50:   49 8b 00 48 89 01 48 8b c1 c3 cc cc cc cc cc cc
0x00007ff9964c9b60:   33 c0 48 89 01 48 89 41 08 48 89 41 10 48 8b c1
0x00007ff9964c9b70:   c3 cc cc cc cc cc cc cc cc cc cc cc cc cc cc cc
0x00007ff9964c9b80:   33 c0 48 89 01 48 89 41 08 48 89 41 10 48 8b c1
0x00007ff9964c9b90:   c3 cc cc cc cc cc cc cc cc cc cc cc cc cc cc cc 


Stack slot to memory mapping:
stack at sp + 0 slots: 0x0000020ce73e1366 is at code_begin+1958 in an Interpreter codelet
method entry point (kind = native)  [0x0000020ce73e0bc0, 0x0000020ce73e1ce0]  4384 bytes
stack at sp + 1 slots: 0x0000020ce73d9efa is at code_begin+3482 in an Interpreter codelet
return entry points  [0x0000020ce73d9160, 0x0000020ce73db380]  8736 bytes
stack at sp + 2 slots: 0x0000020ce73e0e76 is at code_begin+694 in an Interpreter codelet
method entry point (kind = native)  [0x0000020ce73e0bc0, 0x0000020ce73e1ce0]  4384 bytes
stack at sp + 3 slots: {method} {0x0000020cfb99c280} '_nGetRefCount' '(J)I' in 'org/jetbrains/skia/impl/RefCnt'
stack at sp + 4 slots: 0x0000020ce73dfa7c is at code_begin+860 in an Interpreter codelet
method entry point (kind = zerolocals)  [0x0000020ce73df720, 0x0000020ce73dfdc0]  1696 bytes
stack at sp + 5 slots: 0x0000020ce73d8e10 is at code_begin+-112 in 
[CodeBlob (0x0000020ce73d8e10)]
Framesize: 0
BufferBlob (0x0000020ce73d8e10) used for Interpreter
stack at sp + 6 slots: 0x0000020c00000000 is an unknown value
stack at sp + 7 slots: 0x0000020ce73e0e1d is at code_begin+605 in an Interpreter codelet
method entry point (kind = native)  [0x0000020ce73e0bc0, 0x0000020ce73e1ce0]  4384 bytes


---------------  P R O C E S S  ---------------

Threads class SMR info:
_java_thread_list=0x0000020cff0b3740, length=28, elements={
0x0000020cd838cae0, 0x0000020cfaaed8a0, 0x0000020cfaaeef00, 0x0000020cfab00fe0,
0x0000020cfab039b0, 0x0000020cfab04a10, 0x0000020cfab062e0, 0x0000020cfab07720,
0x0000020cfab0b5d0, 0x0000020cfab0bed0, 0x0000020cff0f1cd0, 0x0000020cff180150,
0x0000020cff1ae000, 0x0000020cff1f8270, 0x0000020cff425f20, 0x0000020cff49afc0,
0x0000020cff907e10, 0x0000020cff949030, 0x0000020cff949500, 0x0000020cff98acb0,
0x0000020c800f8c20, 0x0000020c800fa430, 0x0000020c800f7db0, 0x0000020c800fb2a0,
0x0000020c800f8280, 0x0000020c800fb770, 0x0000020c800fa900, 0x0000020c80ec1870
}

Java Threads: ( => current thread )
  0x0000020cd838cae0 JavaThread "main" [_thread_blocked, id=4252, stack(0x0000000e5ea00000,0x0000000e5eb00000)]
  0x0000020cfaaed8a0 JavaThread "Reference Handler" daemon [_thread_blocked, id=5284, stack(0x0000000e5f100000,0x0000000e5f200000)]
  0x0000020cfaaeef00 JavaThread "Finalizer" daemon [_thread_blocked, id=11152, stack(0x0000000e5f200000,0x0000000e5f300000)]
  0x0000020cfab00fe0 JavaThread "Signal Dispatcher" daemon [_thread_blocked, id=2872, stack(0x0000000e5f300000,0x0000000e5f400000)]
  0x0000020cfab039b0 JavaThread "Attach Listener" daemon [_thread_blocked, id=6408, stack(0x0000000e5f400000,0x0000000e5f500000)]
  0x0000020cfab04a10 JavaThread "Service Thread" daemon [_thread_blocked, id=11948, stack(0x0000000e5f500000,0x0000000e5f600000)]
  0x0000020cfab062e0 JavaThread "Monitor Deflation Thread" daemon [_thread_blocked, id=2800, stack(0x0000000e5f600000,0x0000000e5f700000)]
  0x0000020cfab07720 JavaThread "C2 CompilerThread0" daemon [_thread_blocked, id=2648, stack(0x0000000e5f700000,0x0000000e5f800000)]
  0x0000020cfab0b5d0 JavaThread "C1 CompilerThread0" daemon [_thread_blocked, id=3188, stack(0x0000000e5f800000,0x0000000e5f900000)]
  0x0000020cfab0bed0 JavaThread "Sweeper thread" daemon [_thread_blocked, id=7364, stack(0x0000000e5f900000,0x0000000e5fa00000)]
  0x0000020cff0f1cd0 JavaThread "Common-Cleaner" daemon [_thread_blocked, id=1960, stack(0x0000000e5fa00000,0x0000000e5fb00000)]
  0x0000020cff180150 JavaThread "JDWP Transport Listener: dt_socket" daemon [_thread_blocked, id=9668, stack(0x0000000e5fb00000,0x0000000e5fc00000)]
  0x0000020cff1ae000 JavaThread "JDWP Event Helper Thread" daemon [_thread_blocked, id=10292, stack(0x0000000e5fc00000,0x0000000e5fd00000)]
  0x0000020cff1f8270 JavaThread "JDWP Command Reader" daemon [_thread_in_native, id=8168, stack(0x0000000e5fd00000,0x0000000e5fe00000)]
  0x0000020cff425f20 JavaThread "Coroutines Debugger Cleaner" daemon [_thread_blocked, id=7808, stack(0x0000000e5ff00000,0x0000000e60000000)]
  0x0000020cff49afc0 JavaThread "Notification Thread" daemon [_thread_blocked, id=7456, stack(0x0000000e60000000,0x0000000e60100000)]
  0x0000020cff907e10 JavaThread "Java2D Disposer" daemon [_thread_blocked, id=11656, stack(0x0000000e60500000,0x0000000e60600000)]
  0x0000020cff949030 JavaThread "AWT-Shutdown" [_thread_blocked, id=6904, stack(0x0000000e60600000,0x0000000e60700000)]
  0x0000020cff949500 JavaThread "AWT-Windows" daemon [_thread_in_native, id=2152, stack(0x0000000e60700000,0x0000000e60800000)]
=>0x0000020cff98acb0 JavaThread "AWT-EventQueue-0" [_thread_in_native, id=7344, stack(0x0000000e60800000,0x0000000e60900000)]
  0x0000020c800f8c20 JavaThread "DefaultDispatcher-worker-1" daemon [_thread_blocked, id=4940, stack(0x0000000e60900000,0x0000000e60a00000)]
  0x0000020c800fa430 JavaThread "DefaultDispatcher-worker-2" daemon [_thread_blocked, id=10296, stack(0x0000000e60a00000,0x0000000e60b00000)]
  0x0000020c800f7db0 JavaThread "DefaultDispatcher-worker-3" daemon [_thread_blocked, id=4204, stack(0x0000000e60b00000,0x0000000e60c00000)]
  0x0000020c800fb2a0 JavaThread "kotlinx.coroutines.DefaultExecutor" daemon [_thread_blocked, id=4956, stack(0x0000000e60c00000,0x0000000e60d00000)]
  0x0000020c800f8280 JavaThread "Reference Cleaner" daemon [_thread_blocked, id=6416, stack(0x0000000e60d00000,0x0000000e60e00000)]
  0x0000020c800fb770 JavaThread "oracle.jdbc.diagnostics.Diagnostic.CLOCK" daemon [_thread_blocked, id=11400, stack(0x0000000e60e00000,0x0000000e60f00000)]
  0x0000020c800fa900 JavaThread "oracle.jdbc.driver.BlockSource.ThreadedCachingBlockSource.BlockReleaser" daemon [_thread_blocked, id=3344, stack(0x0000000e60f00000,0x0000000e61000000)]
  0x0000020c80ec1870 JavaThread "InterruptTimer" daemon [_thread_blocked, id=7360, stack(0x0000000e61100000,0x0000000e61200000)]

Other Threads:
  0x0000020cfaae5ee0 VMThread "VM Thread" [stack: 0x0000000e5f000000,0x0000000e5f100000] [id=8380]
  0x0000020cff4250f0 WatcherThread [stack: 0x0000000e60100000,0x0000000e60200000] [id=8220]
  0x0000020cd83a3430 GCTaskThread "GC Thread#0" [stack: 0x0000000e5eb00000,0x0000000e5ec00000] [id=5944]
  0x0000020cff637210 GCTaskThread "GC Thread#1" [stack: 0x0000000e60200000,0x0000000e60300000] [id=5780]
  0x0000020cff60d960 GCTaskThread "GC Thread#2" [stack: 0x0000000e60300000,0x0000000e60400000] [id=1708]
  0x0000020cff60dc10 GCTaskThread "GC Thread#3" [stack: 0x0000000e60400000,0x0000000e60500000] [id=6284]
  0x0000020cd840b730 ConcurrentGCThread "G1 Main Marker" [stack: 0x0000000e5ec00000,0x0000000e5ed00000] [id=3896]
  0x0000020cd840c050 ConcurrentGCThread "G1 Conc#0" [stack: 0x0000000e5ed00000,0x0000000e5ee00000] [id=11612]
  0x0000020cd844d4e0 ConcurrentGCThread "G1 Refine#0" [stack: 0x0000000e5ee00000,0x0000000e5ef00000] [id=13264]
  0x0000020cd844de10 ConcurrentGCThread "G1 Service" [stack: 0x0000000e5ef00000,0x0000000e5f000000] [id=832]

Threads with active compile tasks:

VM state: not at safepoint (normal execution)

VM Mutex/Monitor currently owned by a thread: None

Heap address: 0x0000000701400000, size: 4076 MB, Compressed Oops mode: Zero based, Oop shift amount: 3

CDS archive(s) mapped at: [0x0000000800000000-0x0000000800bc0000-0x0000000800bc0000), size 12320768, SharedBaseAddress: 0x0000000800000000, ArchiveRelocationMode: 0.
Compressed class space mapped at: 0x0000000801000000-0x0000000841000000, reserved size: 1073741824
Narrow klass base: 0x0000000800000000, Narrow klass shift: 0, Narrow klass range: 0x100000000

GC Precious Log:
 CPUs: 4 total, 4 available
 Memory: 16296M
 Large Page Support: Disabled
 NUMA Support: Disabled
 Compressed Oops: Enabled (Zero based)
 Heap Region Size: 2M
 Heap Min Capacity: 8M
 Heap Initial Capacity: 256M
 Heap Max Capacity: 4076M
 Pre-touch: Disabled
 Parallel Workers: 4
 Concurrent Workers: 1
 Concurrent Refinement Workers: 4
 Periodic GC: Disabled

Heap:
 garbage-first heap   total 49152K, used 27602K [0x0000000701400000, 0x0000000800000000)
  region size 2048K, 10 young (20480K), 1 survivors (2048K)
 Metaspace       used 31619K, committed 32000K, reserved 1114112K
  class space    used 3360K, committed 3520K, reserved 1048576K

Heap Regions: E=young(eden), S=young(survivor), O=old, HS=humongous(starts), HC=humongous(continues), CS=collection set, F=free, OA=open archive, CA=closed archive, TAMS=top-at-mark-start (previous, next)
|   0|0x0000000701400000, 0x0000000701600000, 0x0000000701600000|100%| O|  |TAMS 0x0000000701600000, 0x0000000701400000| Untracked 
|   1|0x0000000701600000, 0x0000000701600000, 0x0000000701800000|  0%| F|  |TAMS 0x0000000701600000, 0x0000000701600000| Untracked 
|   2|0x0000000701800000, 0x0000000701a00000, 0x0000000701a00000|100%|HS|  |TAMS 0x0000000701a00000, 0x0000000701800000| Complete 
|   3|0x0000000701a00000, 0x0000000701c00000, 0x0000000701c00000|100%|HC|  |TAMS 0x0000000701c00000, 0x0000000701a00000| Complete 
|   4|0x0000000701c00000, 0x0000000701c00000, 0x0000000701e00000|  0%| F|  |TAMS 0x0000000701c00000, 0x0000000701c00000| Untracked 
|   5|0x0000000701e00000, 0x0000000701e00000, 0x0000000702000000|  0%| F|  |TAMS 0x0000000701e00000, 0x0000000701e00000| Untracked 
|   6|0x0000000702000000, 0x0000000702000000, 0x0000000702200000|  0%| F|  |TAMS 0x0000000702000000, 0x0000000702000000| Untracked 
|   7|0x0000000702200000, 0x0000000702400000, 0x0000000702400000|100%| O|  |TAMS 0x0000000702200000, 0x0000000702200000| Untracked 
|   8|0x0000000702400000, 0x0000000702600000, 0x0000000702600000|100%| O|  |TAMS 0x0000000702400000, 0x0000000702400000| Untracked 
|   9|0x0000000702600000, 0x0000000702800000, 0x0000000702800000|100%| O|  |TAMS 0x0000000702600000, 0x0000000702600000| Untracked 
|  10|0x0000000702800000, 0x0000000702811400, 0x0000000702a00000|  3%| O|  |TAMS 0x0000000702800000, 0x0000000702800000| Untracked 
|  11|0x0000000702a00000, 0x0000000702a00000, 0x0000000702c00000|  0%| F|  |TAMS 0x0000000702a00000, 0x0000000702a00000| Untracked 
|  12|0x0000000702c00000, 0x0000000702c00000, 0x0000000702e00000|  0%| F|  |TAMS 0x0000000702c00000, 0x0000000702c00000| Untracked 
|  13|0x0000000702e00000, 0x0000000702e00000, 0x0000000703000000|  0%| F|  |TAMS 0x0000000702e00000, 0x0000000702e00000| Untracked 
|  14|0x0000000703000000, 0x000000070311cef8, 0x0000000703200000| 55%| E|  |TAMS 0x0000000703000000, 0x0000000703000000| Complete 
|  15|0x0000000703200000, 0x0000000703400000, 0x0000000703400000|100%| E|CS|TAMS 0x0000000703200000, 0x0000000703200000| Complete 
|  16|0x0000000703400000, 0x0000000703600000, 0x0000000703600000|100%| E|CS|TAMS 0x0000000703400000, 0x0000000703400000| Complete 
|  17|0x0000000703600000, 0x0000000703800000, 0x0000000703800000|100%| E|CS|TAMS 0x0000000703600000, 0x0000000703600000| Complete 
|  18|0x0000000703800000, 0x0000000703a00000, 0x0000000703a00000|100%| E|  |TAMS 0x0000000703800000, 0x0000000703800000| Complete 
|  19|0x0000000703a00000, 0x0000000703c00000, 0x0000000703c00000|100%| E|CS|TAMS 0x0000000703a00000, 0x0000000703a00000| Complete 
|  20|0x0000000703c00000, 0x0000000703e00000, 0x0000000703e00000|100%| E|CS|TAMS 0x0000000703c00000, 0x0000000703c00000| Complete 
| 106|0x000000070e800000, 0x000000070ea00000, 0x000000070ea00000|100%| E|CS|TAMS 0x000000070e800000, 0x000000070e800000| Complete 
| 107|0x000000070ea00000, 0x000000070eae3420, 0x000000070ec00000| 44%| S|CS|TAMS 0x000000070ea00000, 0x000000070ea00000| Complete 
| 127|0x0000000711200000, 0x0000000711400000, 0x0000000711400000|100%| E|CS|TAMS 0x0000000711200000, 0x0000000711200000| Complete 

Card table byte_map: [0x0000020cef6a0000,0x0000020cefea0000] _byte_map_base: 0x0000020cebe96000

Marking Bits (Prev, Next): (CMBitMap*) 0x0000020cd83f9f70, (CMBitMap*) 0x0000020cd83f9f30
 Prev Bits: [0x0000020cf4650000, 0x0000020cf8600000)
 Next Bits: [0x0000020cf06a0000, 0x0000020cf4650000)

Polling page: 0x0000020cd7b60000

Metaspace:

Usage:
  Non-class:     27.60 MB used.
      Class:      3.28 MB used.
       Both:     30.88 MB used.

Virtual space:
  Non-class space:       64.00 MB reserved,      27.81 MB ( 43%) committed,  1 nodes.
      Class space:        1.00 GB reserved,       3.44 MB ( <1%) committed,  1 nodes.
             Both:        1.06 GB reserved,      31.25 MB (  3%) committed. 

Chunk freelists:
   Non-Class:  4.24 MB
       Class:  12.51 MB
        Both:  16.75 MB

MaxMetaspaceSize: unlimited
CompressedClassSpaceSize: 1.00 GB
Initial GC threshold: 21.00 MB
Current GC threshold: 35.25 MB
CDS: on
MetaspaceReclaimPolicy: balanced
 - commit_granule_bytes: 65536.
 - commit_granule_words: 8192.
 - virtual_space_node_default_size: 8388608.
 - enlarge_chunks_in_place: 1.
 - new_chunks_are_fully_committed: 0.
 - uncommit_free_chunks: 1.
 - use_allocation_guard: 0.
 - handle_deallocations: 1.


Internal statistics:

num_allocs_failed_limit: 3.
num_arena_births: 382.
num_arena_deaths: 0.
num_vsnodes_births: 2.
num_vsnodes_deaths: 0.
num_space_committed: 500.
num_space_uncommitted: 0.
num_chunks_returned_to_freelist: 3.
num_chunks_taken_from_freelist: 1163.
num_chunk_merges: 0.
num_chunk_splits: 895.
num_chunks_enlarged: 719.
num_inconsistent_stats: 0.

CodeHeap 'non-profiled nmethods': size=120000Kb used=1022Kb max_used=1022Kb free=118978Kb
 bounds [0x0000020ce7970000, 0x0000020ce7be0000, 0x0000020ceeea0000]
CodeHeap 'profiled nmethods': size=120000Kb used=4955Kb max_used=4955Kb free=115044Kb
 bounds [0x0000020cdfea0000, 0x0000020ce0380000, 0x0000020ce73d0000]
CodeHeap 'non-nmethods': size=5760Kb used=1812Kb max_used=1812Kb free=3947Kb
 bounds [0x0000020ce73d0000, 0x0000020ce7640000, 0x0000020ce7970000]
 total_blobs=3851 nmethods=2657 adapters=1106
 compilation: enabled
              stopped_count=0, restarted_count=0
 full_count=0

Compilation events (20 events):
Event: 5.431 Thread 0x0000020cfab0b5d0 2622       3       org.jetbrains.capture.org.objectweb.asm.SymbolTable::get (13 bytes)
Event: 5.431 Thread 0x0000020cfab0b5d0 nmethod 2622 0x0000020ce0370710 code [0x0000020ce03708a0, 0x0000020ce03709f8]
Event: 5.432 Thread 0x0000020cfab0b5d0 2623       3       java.lang.invoke.Invokers::maybeCustomize (5 bytes)
Event: 5.432 Thread 0x0000020cfab0b5d0 nmethod 2623 0x0000020ce0370b10 code [0x0000020ce0370ca0, 0x0000020ce0370e48]
Event: 5.432 Thread 0x0000020cfab0b5d0 2624       3       java.lang.invoke.MethodHandle::maybeCustomize (38 bytes)
Event: 5.433 Thread 0x0000020cfab0b5d0 nmethod 2624 0x0000020ce0370f10 code [0x0000020ce03710e0, 0x0000020ce03715e8]
Event: 5.435 Thread 0x0000020cfab0b5d0 2627       3       androidx.compose.runtime.Stack::push (9 bytes)
Event: 5.435 Thread 0x0000020cfab0b5d0 nmethod 2627 0x0000020ce0371790 code [0x0000020ce0371960, 0x0000020ce0371ec8]
Event: 5.435 Thread 0x0000020cfab0b5d0 2628       3       androidx.compose.runtime.Stack::getSize (8 bytes)
Event: 5.435 Thread 0x0000020cfab0b5d0 nmethod 2628 0x0000020ce0372110 code [0x0000020ce03722a0, 0x0000020ce0372458]
Event: 5.435 Thread 0x0000020cfab0b5d0 2629   !   3       androidx.compose.runtime.SnapshotMutableStateImpl::setValue (172 bytes)
Event: 5.436 Thread 0x0000020cfab0b5d0 nmethod 2629 0x0000020ce0372510 code [0x0000020ce03728e0, 0x0000020ce03746d8]
Event: 6.877 Thread 0x0000020cfab0b5d0 2630   !   3       jdk.proxy2.$Proxy1::c (29 bytes)
Event: 6.877 Thread 0x0000020cfab0b5d0 nmethod 2630 0x0000020ce0375490 code [0x0000020ce0375660, 0x0000020ce0375a78]
Event: 6.877 Thread 0x0000020cfab0b5d0 2631   !   3       jdk.proxy2.$Proxy1::f (29 bytes)
Event: 6.877 Thread 0x0000020cfab0b5d0 nmethod 2631 0x0000020ce0375d10 code [0x0000020ce0375ee0, 0x0000020ce03762f8]
Event: 33.650 Thread 0x0000020cfab0b5d0 2632       3       kotlinx.coroutines.scheduling.CoroutineScheduler$Worker::nextInt (52 bytes)
Event: 33.652 Thread 0x0000020cfab0b5d0 nmethod 2632 0x0000020ce0376590 code [0x0000020ce0376720, 0x0000020ce03768f8]
Event: 51.245 Thread 0x0000020cfab0b5d0 2656       3       java.util.TaskQueue::isEmpty (13 bytes)
Event: 51.246 Thread 0x0000020cfab0b5d0 nmethod 2656 0x0000020ce0376a10 code [0x0000020ce0376ba0, 0x0000020ce0376d18]

GC Heap History (12 events):
Event: 0.514 GC heap before
{Heap before GC invocations=0 (full 0):
 garbage-first heap   total 262144K, used 10240K [0x0000000701400000, 0x0000000800000000)
  region size 2048K, 6 young (12288K), 0 survivors (0K)
 Metaspace       used 2188K, committed 2304K, reserved 1114112K
  class space    used 193K, committed 256K, reserved 1048576K
}
Event: 0.517 GC heap after
{Heap after GC invocations=1 (full 0):
 garbage-first heap   total 262144K, used 3245K [0x0000000701400000, 0x0000000800000000)
  region size 2048K, 1 young (2048K), 1 survivors (2048K)
 Metaspace       used 2188K, committed 2304K, reserved 1114112K
  class space    used 193K, committed 256K, reserved 1048576K
}
Event: 0.728 GC heap before
{Heap before GC invocations=1 (full 0):
 garbage-first heap   total 262144K, used 13485K [0x0000000701400000, 0x0000000800000000)
  region size 2048K, 7 young (14336K), 1 survivors (2048K)
 Metaspace       used 5693K, committed 5824K, reserved 1114112K
  class space    used 522K, committed 576K, reserved 1048576K
}
Event: 0.731 GC heap after
{Heap after GC invocations=2 (full 0):
 garbage-first heap   total 262144K, used 4449K [0x0000000701400000, 0x0000000800000000)
  region size 2048K, 1 young (2048K), 1 survivors (2048K)
 Metaspace       used 5693K, committed 5824K, reserved 1114112K
  class space    used 522K, committed 576K, reserved 1048576K
}
Event: 1.263 GC heap before
{Heap before GC invocations=2 (full 0):
 garbage-first heap   total 262144K, used 33121K [0x0000000701400000, 0x0000000800000000)
  region size 2048K, 16 young (32768K), 1 survivors (2048K)
 Metaspace       used 13573K, committed 13824K, reserved 1114112K
  class space    used 1394K, committed 1536K, reserved 1048576K
}
Event: 1.265 GC heap after
{Heap after GC invocations=3 (full 0):
 garbage-first heap   total 262144K, used 5035K [0x0000000701400000, 0x0000000800000000)
  region size 2048K, 1 young (2048K), 1 survivors (2048K)
 Metaspace       used 13573K, committed 13824K, reserved 1114112K
  class space    used 1394K, committed 1536K, reserved 1048576K
}
Event: 4.872 GC heap before
{Heap before GC invocations=3 (full 0):
 garbage-first heap   total 262144K, used 45995K [0x0000000701400000, 0x0000000800000000)
  region size 2048K, 20 young (40960K), 1 survivors (2048K)
 Metaspace       used 21272K, committed 21504K, reserved 1114112K
  class space    used 2236K, committed 2368K, reserved 1048576K
}
Event: 4.877 GC heap after
{Heap after GC invocations=4 (full 0):
 garbage-first heap   total 262144K, used 10943K [0x0000000701400000, 0x0000000800000000)
  region size 2048K, 2 young (4096K), 2 survivors (4096K)
 Metaspace       used 21272K, committed 21504K, reserved 1114112K
  class space    used 2236K, committed 2368K, reserved 1048576K
}
Event: 5.397 GC heap before
{Heap before GC invocations=5 (full 0):
 garbage-first heap   total 49152K, used 39615K [0x0000000701400000, 0x0000000800000000)
  region size 2048K, 17 young (34816K), 2 survivors (4096K)
 Metaspace       used 29212K, committed 29440K, reserved 1114112K
  class space    used 3062K, committed 3136K, reserved 1048576K
}
Event: 5.403 GC heap after
{Heap after GC invocations=6 (full 0):
 garbage-first heap   total 49152K, used 12868K [0x0000000701400000, 0x0000000800000000)
  region size 2048K, 3 young (6144K), 3 survivors (6144K)
 Metaspace       used 29212K, committed 29440K, reserved 1114112K
  class space    used 3062K, committed 3136K, reserved 1048576K
}
Event: 38.697 GC heap before
{Heap before GC invocations=6 (full 0):
 garbage-first heap   total 49152K, used 12868K [0x0000000701400000, 0x0000000800000000)
  region size 2048K, 4 young (8192K), 3 survivors (6144K)
 Metaspace       used 29657K, committed 29952K, reserved 1114112K
  class space    used 3107K, committed 3264K, reserved 1048576K
}
Event: 38.704 GC heap after
{Heap after GC invocations=7 (full 0):
 garbage-first heap   total 49152K, used 13266K [0x0000000701400000, 0x0000000800000000)
  region size 2048K, 1 young (2048K), 1 survivors (2048K)
 Metaspace       used 29657K, committed 29952K, reserved 1114112K
  class space    used 3107K, committed 3264K, reserved 1048576K
}

Dll operation events (15 events):
Event: 0.008 Loaded shared library C:\Users\Patricio Cifredo\.jdks\corretto-17.0.7\bin\java.dll
Event: 0.009 Loaded shared library C:\Users\Patricio Cifredo\.jdks\corretto-17.0.7\bin\zip.dll
Event: 0.020 Loaded shared library C:\Users\Patricio Cifredo\.jdks\corretto-17.0.7\bin\jsvml.dll
Event: 0.190 Loaded shared library C:\Users\Patricio Cifredo\.jdks\corretto-17.0.7\bin\instrument.dll
Event: 0.201 Loaded shared library C:\Users\Patricio Cifredo\.jdks\corretto-17.0.7\bin\net.dll
Event: 0.203 Loaded shared library C:\Users\Patricio Cifredo\.jdks\corretto-17.0.7\bin\nio.dll
Event: 0.207 Loaded shared library C:\Users\Patricio Cifredo\.jdks\corretto-17.0.7\bin\zip.dll
Event: 0.264 Loaded shared library C:\Users\Patricio Cifredo\.jdks\corretto-17.0.7\bin\jimage.dll
Event: 0.535 Loaded shared library C:\Users\Patricio Cifredo\.jdks\corretto-17.0.7\bin\awt.dll
Event: 0.946 Loaded shared library C:\Users\Patricio Cifredo\.skiko\4136501b6f6d5307bfa98b0aacf8de7921247d35ed65529a9f0b268f5557c70b\skiko-windows-x64.dll
Event: 1.085 Loaded shared library C:\Users\Patricio Cifredo\.jdks\corretto-17.0.7\bin\freetype.dll
Event: 1.085 Loaded shared library C:\Users\Patricio Cifredo\.jdks\corretto-17.0.7\bin\fontmanager.dll
Event: 4.803 Loaded shared library C:\Users\Patricio Cifredo\.jdks\corretto-17.0.7\bin\management.dll
Event: 4.814 Loaded shared library C:\Users\Patricio Cifredo\.jdks\corretto-17.0.7\bin\management_ext.dll
Event: 5.233 Loaded shared library C:\Users\Patricio Cifredo\.jdks\corretto-17.0.7\bin\sunmscapi.dll

Deoptimization events (20 events):
Event: 5.392 Thread 0x0000020cff98acb0 DEOPT PACKING pc=0x0000020ce7a31ec8 sp=0x0000000e608fb9d0
Event: 5.392 Thread 0x0000020cff98acb0 DEOPT UNPACKING pc=0x0000020ce74269a3 sp=0x0000000e608fb8a0 mode 2
Event: 5.420 Thread 0x0000020cff98acb0 Uncommon trap: trap_request=0xffffff45 fr.pc=0x0000020ce7a575bc relative=0x000000000000003c
Event: 5.420 Thread 0x0000020cff98acb0 Uncommon trap: reason=unstable_if action=reinterpret pc=0x0000020ce7a575bc method=jdk.internal.misc.Unsafe.convEndian(ZI)I @ 4 c2
Event: 5.420 Thread 0x0000020cff98acb0 DEOPT PACKING pc=0x0000020ce7a575bc sp=0x0000000e608fc650
Event: 5.420 Thread 0x0000020cff98acb0 DEOPT UNPACKING pc=0x0000020ce74269a3 sp=0x0000000e608fc5e8 mode 2
Event: 5.421 Thread 0x0000020cff98acb0 Uncommon trap: trap_request=0xffffff45 fr.pc=0x0000020ce7a56d10 relative=0x0000000000000090
Event: 5.421 Thread 0x0000020cff98acb0 Uncommon trap: reason=unstable_if action=reinterpret pc=0x0000020ce7a56d10 method=jdk.internal.misc.Unsafe.convEndian(ZI)I @ 4 c2
Event: 5.421 Thread 0x0000020cff98acb0 DEOPT PACKING pc=0x0000020ce7a56d10 sp=0x0000000e608fc710
Event: 5.421 Thread 0x0000020cff98acb0 DEOPT UNPACKING pc=0x0000020ce74269a3 sp=0x0000000e608fc628 mode 2
Event: 5.427 Thread 0x0000020cff98acb0 Uncommon trap: trap_request=0xffffff45 fr.pc=0x0000020ce7a5ce38 relative=0x00000000000004f8
Event: 5.427 Thread 0x0000020cff98acb0 Uncommon trap: reason=unstable_if action=reinterpret pc=0x0000020ce7a5ce38 method=java.lang.Integer.parseInt(Ljava/lang/String;I)I @ 1 c2
Event: 5.427 Thread 0x0000020cff98acb0 DEOPT PACKING pc=0x0000020ce7a5ce38 sp=0x0000000e608fd0f0
Event: 5.427 Thread 0x0000020cff98acb0 DEOPT UNPACKING pc=0x0000020ce74269a3 sp=0x0000000e608fd080 mode 2
Event: 5.428 Thread 0x0000020cff98acb0 DEOPT PACKING pc=0x0000020ce02ad384 sp=0x0000000e608fd160
Event: 5.428 Thread 0x0000020cff98acb0 DEOPT UNPACKING pc=0x0000020ce7427143 sp=0x0000000e608fc608 mode 1
Event: 5.433 Thread 0x0000020c80ec0a00 DEOPT PACKING pc=0x0000020cdff9ee74 sp=0x0000000e5fefe8c0
Event: 5.433 Thread 0x0000020c80ec0a00 DEOPT UNPACKING pc=0x0000020ce7427143 sp=0x0000000e5fefdd58 mode 1
Event: 5.433 Thread 0x0000020c80ec0a00 DEOPT PACKING pc=0x0000020cdff80edc sp=0x0000000e5fefe990
Event: 5.433 Thread 0x0000020c80ec0a00 DEOPT UNPACKING pc=0x0000020ce7427143 sp=0x0000000e5fefde48 mode 1

Classes unloaded (0 events):
No events

Classes redefined (0 events):
No events

Internal exceptions (20 events):
Event: 5.068 Thread 0x0000020cff98acb0 Exception <a 'java/lang/NoSuchMethodError'{0x00000007032e66c0}: 'void java.lang.invoke.DirectMethodHandle$Holder.invokeStaticInit(java.lang.Object, java.lang.Object)'> (0x00000007032e66c0) 
thrown [s\src\hotspot\share\interpreter\linkResolver.cpp, line 759]
Event: 5.077 Thread 0x0000020cff98acb0 Exception <a 'java/lang/NoClassDefFoundError'{0x0000000703347380}: oracle/dms/console/DMSConsole> (0x0000000703347380) 
thrown [s\src\hotspot\share\classfile\systemDictionary.cpp, line 245]
Event: 5.077 Thread 0x0000020cff98acb0 Exception <a 'java/lang/reflect/InvocationTargetException'{0x00000007033478f8}> (0x00000007033478f8) 
thrown [s\src\hotspot\share\runtime\reflection.cpp, line 1121]
Event: 5.149 Thread 0x0000020cff98acb0 Exception <a 'java/lang/NoSuchMethodError'{0x0000000702f3ec40}: 'java.lang.Object java.lang.invoke.DirectMethodHandle$Holder.invokeStaticInit(java.lang.Object, int, int, int, int)'> (0x0000000702f3ec40) 
thrown [s\src\hotspot\share\interpreter\linkResolver.cpp, line 759]
Event: 5.196 Thread 0x0000020cff98acb0 Exception <a 'java/lang/NoSuchMethodError'{0x0000000702c62ea8}: 'java.lang.Object java.lang.invoke.DirectMethodHandle$Holder.invokeStaticInit(java.lang.Object, java.lang.Object, int, int, int, int)'> (0x0000000702c62ea8) 
thrown [s\src\hotspot\share\interpreter\linkResolver.cpp, line 759]
Event: 5.212 Thread 0x0000020cff98acb0 Exception <a 'java/lang/NullPointerException'{0x0000000702d3f738}> (0x0000000702d3f738) 
thrown [s\src\hotspot\share\interpreter\linkResolver.cpp, line 1350]
Event: 5.283 Thread 0x0000020cff98acb0 Exception <a 'java/lang/NoSuchMethodError'{0x00000007028edc60}: 'java.lang.Object java.lang.invoke.DirectMethodHandle$Holder.newInvokeSpecial(java.lang.Object, java.lang.Object, java.lang.Object, int)'> (0x00000007028edc60) 
thrown [s\src\hotspot\share\interpreter\linkResolver.cpp, line 759]
Event: 5.284 Thread 0x0000020cff98acb0 Exception <a 'java/lang/NoSuchMethodError'{0x00000007028f22e8}: 'java.lang.Object java.lang.invoke.DirectMethodHandle$Holder.invokeSpecial(java.lang.Object, java.lang.Object, java.lang.Object, java.lang.Object, int)'> (0x00000007028f22e8) 
thrown [s\src\hotspot\share\interpreter\linkResolver.cpp, line 759]
Event: 5.284 Thread 0x0000020cff98acb0 Exception <a 'java/lang/NoSuchMethodError'{0x00000007028f6158}: 'java.lang.Object java.lang.invoke.Invokers$Holder.linkToTargetMethod(java.lang.Object, java.lang.Object, int, java.lang.Object)'> (0x00000007028f6158) 
thrown [s\src\hotspot\share\interpreter\linkResolver.cpp, line 759]
Event: 5.290 Thread 0x0000020cff98acb0 Exception <a 'java/lang/NoSuchMethodError'{0x0000000702904cb8}: 'int java.lang.invoke.DirectMethodHandle$Holder.invokeSpecialIFC(java.lang.Object, java.lang.Object, java.lang.Object)'> (0x0000000702904cb8) 
thrown [s\src\hotspot\share\interpreter\linkResolver.cpp, line 759]
Event: 5.300 Thread 0x0000020cff98acb0 Exception <a 'java/lang/NoSuchMethodError'{0x00000007029542c0}: 'java.lang.Object java.lang.invoke.DirectMethodHandle$Holder.invokeVirtual(java.lang.Object, java.lang.Object, int)'> (0x00000007029542c0) 
thrown [s\src\hotspot\share\interpreter\linkResolver.cpp, line 759]
Event: 5.386 Thread 0x0000020cff98acb0 Exception <a 'sun/nio/fs/WindowsException'{0x00000007023817f8}> (0x00000007023817f8) 
thrown [s\src\hotspot\share\prims\jni.cpp, line 516]
Event: 5.425 Thread 0x0000020cff98acb0 Exception <a 'java/lang/NoSuchMethodError'{0x000000071129d260}: 'java.lang.Object java.lang.invoke.DirectMethodHandle$Holder.newInvokeSpecial(java.lang.Object, java.lang.Object, int)'> (0x000000071129d260) 
thrown [s\src\hotspot\share\interpreter\linkResolver.cpp, line 759]
Event: 5.427 Thread 0x0000020cff98acb0 Implicit null exception at 0x0000020ce7a5c954 to 0x0000020ce7a5ce24
Event: 48.740 Thread 0x0000020cff98acb0 Exception <a 'java/lang/NoSuchMethodError'{0x0000000703557018}: 'java.lang.Object java.lang.invoke.DirectMethodHandle$Holder.invokeSpecial(java.lang.Object, java.lang.Object, long, java.lang.Object, int, int, int, int, java.lang.Object, java.lang.Object, java.lang.Object)'> (0x0000000703557018) 
thrown [s\src\hotspot\share\interpreter\linkResolver.cpp, line 759]
Event: 48.746 Thread 0x0000020cff98acb0 Exception <a 'java/lang/NoSuchMethodError'{0x000000070355b008}: 'java.lang.Object java.lang.invoke.DelegatingMethodHandle$Holder.reinvoke_L(java.lang.Object, long, java.lang.Object, int, int, int, int, java.lang.Object, java.lang.Object, java.lang.Object)'> (0x000000070355b008) 
thrown [s\src\hotspot\share\interpreter\linkResolver.cpp, line 759]
Event: 48.915 Thread 0x0000020cff98acb0 Exception <a 'java/lang/NoSuchMethodError'{0x00000007035cae90}: 'java.lang.Object java.lang.invoke.DirectMethodHandle$Holder.invokeSpecial(java.lang.Object, java.lang.Object, long, java.lang.Object, java.lang.Object, java.lang.Object, java.lang.Object, int, java.lang.Object, java.lang.Object, java.lang.Object)'> (0x00000007035cae90) 
thrown [s\src\hotspot\share\interpreter\linkResolver.cpp, line 759]
Event: 48.920 Thread 0x0000020cff98acb0 Exception <a 'java/lang/NoSuchMethodError'{0x00000007035cf9f0}: 'java.lang.Object java.lang.invoke.DelegatingMethodHandle$Holder.reinvoke_L(java.lang.Object, long, java.lang.Object, java.lang.Object, java.lang.Object, java.lang.Object, int, java.lang.Object, java.lang.Object, java.lang.Object)'> (0x00000007035cf9f0) 
thrown [s\src\hotspot\share\interpreter\linkResolver.cpp, line 759]
Event: 48.966 Thread 0x0000020cff98acb0 Exception <a 'java/lang/NoSuchMethodError'{0x00000007035f23a0}: 'java.lang.Object java.lang.invoke.DirectMethodHandle$Holder.invokeSpecial(java.lang.Object, java.lang.Object, float)'> (0x00000007035f23a0) 
thrown [s\src\hotspot\share\interpreter\linkResolver.cpp, line 759]
Event: 51.099 Thread 0x0000020cff98acb0 Exception <a 'java/lang/NoSuchMethodError'{0x00000007032eca08}: 'java.lang.Object java.lang.invoke.DirectMethodHandle$Holder.invokeSpecial(java.lang.Object, java.lang.Object, java.lang.Object, java.lang.Object, java.lang.Object, java.lang.Object, int)'> (0x00000007032eca08) 
thrown [s\src\hotspot\share\interpreter\linkResolver.cpp, line 759]

VM Operations (20 events):
Event: 83.331 Executing VM operation: get/set locals
Event: 83.331 Executing VM operation: get/set locals done
Event: 83.331 Executing VM operation: get/set locals
Event: 83.331 Executing VM operation: get/set locals done
Event: 83.332 Executing VM operation: get/set locals
Event: 83.332 Executing VM operation: get/set locals done
Event: 83.332 Executing VM operation: get/set locals
Event: 83.332 Executing VM operation: get/set locals done
Event: 83.332 Executing VM operation: get/set locals
Event: 83.332 Executing VM operation: get/set locals done
Event: 83.333 Executing VM operation: get/set locals
Event: 83.333 Executing VM operation: get/set locals done
Event: 83.333 Executing VM operation: get/set locals
Event: 83.333 Executing VM operation: get/set locals done
Event: 83.334 Executing VM operation: get/set locals
Event: 83.334 Executing VM operation: get/set locals done
Event: 83.334 Executing VM operation: get/set locals
Event: 83.335 Executing VM operation: get/set locals done
Event: 83.336 Executing VM operation: get/set locals
Event: 83.336 Executing VM operation: get/set locals done

Events (20 events):
Event: 39.971 loading class androidx/compose/foundation/layout/BoxKt$EmptyBoxMeasurePolicy$1$measure$1 done
Event: 39.973 loading class androidx/compose/material/OutlinedTextFieldMeasurePolicy$measure$2
Event: 39.973 loading class androidx/compose/material/OutlinedTextFieldMeasurePolicy$measure$2 done
Event: 39.982 loading class androidx/compose/foundation/text/TextFieldCursor_desktopKt
Event: 39.982 loading class androidx/compose/foundation/text/TextFieldCursor_desktopKt done
Event: 41.292 loading class androidx/compose/ui/graphics/Outline$Generic
Event: 41.292 loading class androidx/compose/ui/graphics/Outline$Generic done
Event: 41.294 loading class androidx/compose/ui/graphics/drawscope/Stroke
Event: 41.294 loading class androidx/compose/ui/graphics/drawscope/Stroke done
Event: 41.295 loading class androidx/compose/ui/graphics/drawscope/Stroke$Companion
Event: 41.295 loading class androidx/compose/ui/graphics/drawscope/Stroke$Companion done
Event: 41.297 loading class androidx/compose/foundation/BorderKt$drawRoundRectBorder$1
Event: 41.297 loading class androidx/compose/foundation/BorderKt$drawRoundRectBorder$1 done
Event: 41.298 loading class androidx/compose/ui/draw/DrawResult
Event: 41.298 loading class androidx/compose/ui/draw/DrawResult done
Event: 41.300 loading class org/jetbrains/skia/PaintStrokeJoin
Event: 41.300 loading class org/jetbrains/skia/PaintStrokeJoin done
Event: 41.911 loading class androidx/compose/ui/node/OwnerSnapshotObserver$clearInvalidObservations$1
Event: 41.911 loading class androidx/compose/ui/node/OwnerSnapshotObserver$clearInvalidObservations$1 done
Event: 65.780 Thread 0x0000020c80ec0a00 Thread exited: 0x0000020c80ec0a00


Dynamic libraries:
0x00007ff6a3630000 - 0x00007ff6a363d000 	C:\Users\Patricio Cifredo\.jdks\corretto-17.0.7\bin\java.exe
0x00007ff9e03d0000 - 0x00007ff9e05c5000 	C:\WINDOWS\SYSTEM32\ntdll.dll
0x00007ff9defe0000 - 0x00007ff9df09d000 	C:\WINDOWS\System32\KERNEL32.DLL
0x00007ff9ddbe0000 - 0x00007ff9ddea8000 	C:\WINDOWS\System32\KERNELBASE.dll
0x00007ff9de1c0000 - 0x00007ff9de2c0000 	C:\WINDOWS\System32\ucrtbase.dll
0x00007ff9d7c90000 - 0x00007ff9d7ca5000 	C:\Users\Patricio Cifredo\.jdks\corretto-17.0.7\bin\VCRUNTIME140.dll
0x00007ff9d6c30000 - 0x00007ff9d6c47000 	C:\Users\Patricio Cifredo\.jdks\corretto-17.0.7\bin\jli.dll
0x00007ff9dece0000 - 0x00007ff9dee80000 	C:\WINDOWS\System32\USER32.dll
0x00007ff9ddeb0000 - 0x00007ff9dded2000 	C:\WINDOWS\System32\win32u.dll
0x00007ff9de720000 - 0x00007ff9de74a000 	C:\WINDOWS\System32\GDI32.dll
0x00007ff9de320000 - 0x00007ff9de42b000 	C:\WINDOWS\System32\gdi32full.dll
0x00007ff9ddb40000 - 0x00007ff9ddbdd000 	C:\WINDOWS\System32\msvcp_win.dll
0x00007ff9b7da0000 - 0x00007ff9b803a000 	C:\WINDOWS\WinSxS\amd64_microsoft.windows.common-controls_6595b64144ccf1df_6.0.19041.844_none_ca00b6081b84eb1d\COMCTL32.dll
0x00007ff9de840000 - 0x00007ff9de8de000 	C:\WINDOWS\System32\msvcrt.dll
0x00007ff9de430000 - 0x00007ff9de460000 	C:\WINDOWS\System32\IMM32.DLL
0x00007ff9bf2c0000 - 0x00007ff9bf35b000 	C:\Users\Patricio Cifredo\.jdks\corretto-17.0.7\bin\msvcp140.dll
0x00007ff9a1e40000 - 0x00007ff9a2a5a000 	C:\Users\Patricio Cifredo\.jdks\corretto-17.0.7\bin\server\jvm.dll
0x00007ff9dea10000 - 0x00007ff9deabc000 	C:\WINDOWS\System32\ADVAPI32.dll
0x00007ff9de4c0000 - 0x00007ff9de55b000 	C:\WINDOWS\System32\sechost.dll
0x00007ff9de5f0000 - 0x00007ff9de71b000 	C:\WINDOWS\System32\RPCRT4.dll
0x00007ff9cac00000 - 0x00007ff9cac09000 	C:\WINDOWS\SYSTEM32\WSOCK32.dll
0x00007ff9dec70000 - 0x00007ff9decdb000 	C:\WINDOWS\System32\WS2_32.dll
0x00007ff9c8730000 - 0x00007ff9c8757000 	C:\WINDOWS\SYSTEM32\WINMM.dll
0x00007ff9d6570000 - 0x00007ff9d657a000 	C:\WINDOWS\SYSTEM32\VERSION.dll
0x00007ff9dc3e0000 - 0x00007ff9dc3f2000 	C:\WINDOWS\SYSTEM32\kernel.appcore.dll
0x00007ff9d8950000 - 0x00007ff9d895a000 	C:\Users\Patricio Cifredo\.jdks\corretto-17.0.7\bin\jimage.dll
0x00007ff9db960000 - 0x00007ff9dbb44000 	C:\WINDOWS\SYSTEM32\DBGHELP.DLL
0x00007ff9c8400000 - 0x00007ff9c842c000 	C:\WINDOWS\SYSTEM32\dbgcore.DLL
0x00007ff9de0f0000 - 0x00007ff9de170000 	C:\WINDOWS\System32\bcryptPrimitives.dll
0x00007ff9d1f70000 - 0x00007ff9d1fa9000 	C:\Users\Patricio Cifredo\.jdks\corretto-17.0.7\bin\jdwp.dll
0x00007ff9d89a0000 - 0x00007ff9d89ae000 	C:\Users\Patricio Cifredo\.jdks\corretto-17.0.7\bin\instrument.dll
0x00007ff9b9cc0000 - 0x00007ff9b9ce5000 	C:\Users\Patricio Cifredo\.jdks\corretto-17.0.7\bin\java.dll
0x00007ff9b9ca0000 - 0x00007ff9b9cb8000 	C:\Users\Patricio Cifredo\.jdks\corretto-17.0.7\bin\zip.dll
0x00007ff9b8e00000 - 0x00007ff9b8ed6000 	C:\Users\Patricio Cifredo\.jdks\corretto-17.0.7\bin\jsvml.dll
0x00007ff9dfbe0000 - 0x00007ff9e0322000 	C:\WINDOWS\System32\SHELL32.dll
0x00007ff9dbc30000 - 0x00007ff9dc3c1000 	C:\WINDOWS\SYSTEM32\windows.storage.dll
0x00007ff9df100000 - 0x00007ff9df455000 	C:\WINDOWS\System32\combase.dll
0x00007ff9dd4b0000 - 0x00007ff9dd4dc000 	C:\WINDOWS\SYSTEM32\Wldp.dll
0x00007ff9dfb30000 - 0x00007ff9dfbde000 	C:\WINDOWS\System32\SHCORE.dll
0x00007ff9e0330000 - 0x00007ff9e0385000 	C:\WINDOWS\System32\shlwapi.dll
0x00007ff9dda50000 - 0x00007ff9dda6f000 	C:\WINDOWS\SYSTEM32\profapi.dll
0x00007ff9d8990000 - 0x00007ff9d899c000 	C:\Users\Patricio Cifredo\.jdks\corretto-17.0.7\bin\dt_socket.dll
0x00007ff9dcf10000 - 0x00007ff9dcf4b000 	C:\WINDOWS\SYSTEM32\IPHLPAPI.DLL
0x00007ff9dd220000 - 0x00007ff9dd28a000 	C:\WINDOWS\system32\mswsock.dll
0x00007ff9c80a0000 - 0x00007ff9c80b9000 	C:\Users\Patricio Cifredo\.jdks\corretto-17.0.7\bin\net.dll
0x00007ff9d73a0000 - 0x00007ff9d74ab000 	C:\WINDOWS\SYSTEM32\WINHTTP.dll
0x00007ff9ba410000 - 0x00007ff9ba425000 	C:\Users\Patricio Cifredo\.jdks\corretto-17.0.7\bin\nio.dll
0x00007ff9b8490000 - 0x00007ff9b8639000 	C:\Users\Patricio Cifredo\.jdks\corretto-17.0.7\bin\awt.dll
0x00007ff9def00000 - 0x00007ff9defcd000 	C:\WINDOWS\System32\OLEAUT32.dll
0x00007ff9dada0000 - 0x00007ff9dae30000 	C:\WINDOWS\SYSTEM32\apphelp.dll
0x00007ff9db200000 - 0x00007ff9db29e000 	C:\WINDOWS\system32\uxtheme.dll
0x00007ff9df490000 - 0x00007ff9df5a5000 	C:\WINDOWS\System32\MSCTF.dll
0x00007ff9de8e0000 - 0x00007ff9dea0a000 	C:\WINDOWS\System32\ole32.dll
0x00007ff9db5b0000 - 0x00007ff9db5df000 	C:\WINDOWS\system32\DWMAPI.DLL
0x00007ff9ba120000 - 0x00007ff9ba246000 	C:\WINDOWS\system32\opengl32.dll
0x00007ff9d3940000 - 0x00007ff9d396c000 	C:\WINDOWS\SYSTEM32\GLU32.dll
0x00007ff996460000 - 0x00007ff99746f000 	C:\Users\Patricio Cifredo\.skiko\4136501b6f6d5307bfa98b0aacf8de7921247d35ed65529a9f0b268f5557c70b\skiko-windows-x64.dll
0x00007ff9b8d70000 - 0x00007ff9b8df3000 	C:\Users\Patricio Cifredo\.jdks\corretto-17.0.7\bin\freetype.dll
0x00007ff9b8260000 - 0x00007ff9b8322000 	C:\Users\Patricio Cifredo\.jdks\corretto-17.0.7\bin\fontmanager.dll
0x00007ff9d7be0000 - 0x00007ff9d7be7000 	C:\Users\Patricio Cifredo\.jdks\corretto-17.0.7\bin\jawt.dll
0x00007ff9dc450000 - 0x00007ff9dc543000 	C:\WINDOWS\SYSTEM32\Dxgi.dll
0x00007ff9d7ad0000 - 0x00007ff9d7af0000 	C:\WINDOWS\SYSTEM32\D3D12.dll
0x00007ff9a99c0000 - 0x00007ff9a9b8d000 	C:\WINDOWS\SYSTEM32\D3D12Core.dll
0x00007ff9d2660000 - 0x00007ff9d269b000 	C:\WINDOWS\SYSTEM32\dxcore.dll
0x00007ff9de170000 - 0x00007ff9de1be000 	C:\WINDOWS\System32\cfgmgr32.dll
0x00007ff9cd0b0000 - 0x00007ff9cfd12000 	C:\WINDOWS\System32\DriverStore\FileRepository\iigd_dch.inf_amd64_a086f01cc7be643a\igc64.dll
0x00007ff994f10000 - 0x00007ff99645a000 	C:\WINDOWS\System32\DriverStore\FileRepository\iigd_dch.inf_amd64_a086f01cc7be643a\igd12umd64.dll
0x00007ff9cfd20000 - 0x00007ff9cff5f000 	C:\WINDOWS\System32\DriverStore\FileRepository\iigd_dch.inf_amd64_a086f01cc7be643a\igdgmm64.dll
0x00007ff994af0000 - 0x00007ff994f05000 	C:\WINDOWS\System32\DriverStore\FileRepository\iigd_dch.inf_amd64_a086f01cc7be643a\igdml64.dll
0x00007ff9d1f40000 - 0x00007ff9d1f6b000 	C:\WINDOWS\SYSTEM32\D3DSCache.dll
0x00007ff9dd9d0000 - 0x00007ff9dd9fe000 	C:\WINDOWS\SYSTEM32\USERENV.dll
0x00007ff9910e0000 - 0x00007ff994ae9000 	C:\WINDOWS\System32\DriverStore\FileRepository\iigd_dch.inf_amd64_a086f01cc7be643a\igd12dxva64.dll
0x00007ff9df6c0000 - 0x00007ff9dfb29000 	C:\WINDOWS\System32\setupapi.dll
0x00007ff9ddb10000 - 0x00007ff9ddb37000 	C:\WINDOWS\System32\bcrypt.dll
0x00007ff9d7bf0000 - 0x00007ff9d7c17000 	C:\WINDOWS\System32\DriverStore\FileRepository\iigd_dch.inf_amd64_a086f01cc7be643a\igdinfo64.dll
0x00007ff9d4d20000 - 0x00007ff9d4f21000 	C:\WINDOWS\SYSTEM32\twinapi.appcore.dll
0x00007ff9bb850000 - 0x00007ff9bbacf000 	C:\WINDOWS\SYSTEM32\dwrite.dll
0x00007ff9da050000 - 0x00007ff9da235000 	C:\WINDOWS\SYSTEM32\dcomp.dll
0x00007ff9d9120000 - 0x00007ff9d957d000 	C:\WINDOWS\SYSTEM32\d3dcompiler_47.dll
0x00007ff9dd3f0000 - 0x00007ff9dd408000 	C:\WINDOWS\SYSTEM32\CRYPTSP.dll
0x00007ff9be070000 - 0x00007ff9be169000 	C:\WINDOWS\SYSTEM32\textinputframework.dll
0x00007ff9dab00000 - 0x00007ff9dabf2000 	C:\WINDOWS\System32\CoreMessaging.dll
0x00007ff9da6a0000 - 0x00007ff9da9fe000 	C:\WINDOWS\System32\CoreUIComponents.dll
0x00007ff9dc820000 - 0x00007ff9dc853000 	C:\WINDOWS\SYSTEM32\ntmarta.dll
0x00007ff9d9db0000 - 0x00007ff9d9f04000 	C:\WINDOWS\SYSTEM32\wintypes.dll
0x00007ff9d1f30000 - 0x00007ff9d1f39000 	C:\Users\Patricio Cifredo\.jdks\corretto-17.0.7\bin\management.dll
0x00007ff9d1e50000 - 0x00007ff9d1e5b000 	C:\Users\Patricio Cifredo\.jdks\corretto-17.0.7\bin\management_ext.dll
0x00007ff9de750000 - 0x00007ff9de758000 	C:\WINDOWS\System32\PSAPI.DLL
0x00007ff9dcf50000 - 0x00007ff9dd01c000 	C:\WINDOWS\SYSTEM32\DNSAPI.dll
0x00007ff9df480000 - 0x00007ff9df488000 	C:\WINDOWS\System32\NSI.dll
0x00007ff9d3de0000 - 0x00007ff9d3dea000 	C:\Windows\System32\rasadhlp.dll
0x00007ff9d38c0000 - 0x00007ff9d393f000 	C:\WINDOWS\System32\fwpuclnt.dll
0x00007ff9dcbc0000 - 0x00007ff9dcbf4000 	C:\WINDOWS\system32\rsaenh.dll
0x00007ff9dd410000 - 0x00007ff9dd41c000 	C:\WINDOWS\SYSTEM32\CRYPTBASE.dll
0x00007ff9d6550000 - 0x00007ff9d6567000 	C:\WINDOWS\SYSTEM32\dhcpcsvc6.DLL
0x00007ff9d65b0000 - 0x00007ff9d65cd000 	C:\WINDOWS\SYSTEM32\dhcpcsvc.DLL
0x00007ff9c8720000 - 0x00007ff9c872e000 	C:\Users\Patricio Cifredo\.jdks\corretto-17.0.7\bin\sunmscapi.dll
0x00007ff9ddee0000 - 0x00007ff9de03f000 	C:\WINDOWS\System32\CRYPT32.dll
0x00007ff9dd520000 - 0x00007ff9dd547000 	C:\WINDOWS\SYSTEM32\ncrypt.dll
0x00007ff9dd4e0000 - 0x00007ff9dd51b000 	C:\WINDOWS\SYSTEM32\NTASN1.dll
0x00007ff9d5ad0000 - 0x00007ff9d5ad7000 	C:\WINDOWS\system32\wshunix.dll
0x00007ff9c7480000 - 0x00007ff9c7497000 	C:\WINDOWS\system32\napinsp.dll
0x00007ff9c7460000 - 0x00007ff9c747b000 	C:\WINDOWS\system32\pnrpnsp.dll
0x00007ff9c7340000 - 0x00007ff9c7355000 	C:\WINDOWS\system32\wshbth.dll
0x00007ff9d8f20000 - 0x00007ff9d8f3d000 	C:\WINDOWS\system32\NLAapi.dll
0x00007ff9c7320000 - 0x00007ff9c7332000 	C:\WINDOWS\System32\winrnr.dll

dbghelp: loaded successfully - version: 4.0.5 - missing functions: none
symbol engine: initialized successfully - sym options: 0x614 - pdb path: .;C:\Users\Patricio Cifredo\.jdks\corretto-17.0.7\bin;C:\WINDOWS\SYSTEM32;C:\WINDOWS\WinSxS\amd64_microsoft.windows.common-controls_6595b64144ccf1df_6.0.19041.844_none_ca00b6081b84eb1d;C:\Users\Patricio Cifredo\.jdks\corretto-17.0.7\bin\server;C:\Users\Patricio Cifredo\.skiko\4136501b6f6d5307bfa98b0aacf8de7921247d35ed65529a9f0b268f5557c70b;C:\WINDOWS\System32\DriverStore\FileRepository\iigd_dch.inf_amd64_a086f01cc7be643a

VM Arguments:
jvm_args: -agentlib:jdwp=transport=dt_socket,address=127.0.0.1:49861,suspend=y,server=n -Djava.library.path=C:\Users\Patricio Cifredo\INTELIJ PROYECTOS\PROYECTO_TIENDA_DISCOS\build\classes\kotlin\jvm\main -javaagent:C:/Users/Patricio Cifredo/.gradle/caches/modules-2/files-2.1/org.jetbrains.kotlinx/kotlinx-coroutines-core-jvm/1.6.1/97fd74ccf54a863d221956ffcd21835e168e2aaa/kotlinx-coroutines-core-jvm-1.6.1.jar -javaagent:C:\Users\PATRIC~1\AppData\Local\Temp\captureAgent5jars\debugger-agent.jar=file:/C:/Users/PATRIC~1/AppData/Local/Temp/capture.props -Dfile.encoding=UTF-8 
java_command: TiendaKt
java_class_path (initial): C:\Users\Patricio Cifredo\INTELIJ PROYECTOS\PROYECTO_TIENDA_DISCOS\build\classes\kotlin\jvm\main;C:\Users\Patricio Cifredo\.gradle\caches\modules-2\files-2.1\org.jetbrains.kotlin\kotlin-stdlib-jdk8\1.7.10\d70d7d2c56371f7aa18f32e984e3e2e998fe9081\kotlin-stdlib-jdk8-1.7.10.jar;C:\Users\Patricio Cifredo\.gradle\caches\modules-2\files-2.1\org.jetbrains.kotlin\kotlin-stdlib-jdk7\1.7.10\1ef73fee66f45d52c67e2aca12fd945dbe0659bf\kotlin-stdlib-jdk7-1.7.10.jar;C:\Users\Patricio Cifredo\.gradle\caches\modules-2\files-2.1\org.jetbrains.skiko\skiko-awt-runtime-windows-x64\0.7.34\1a302b2d58bdf6627446a94098672ab982b90fd0\skiko-awt-runtime-windows-x64-0.7.34.jar;C:\Users\Patricio Cifredo\.gradle\caches\modules-2\files-2.1\org.jetbrains.kotlin\kotlin-stdlib\1.7.10\d2abf9e77736acc4450dc4a3f707fa2c10f5099d\kotlin-stdlib-1.7.10.jar;C:\Users\Patricio Cifredo\.gradle\caches\modules-2\files-2.1\org.jetbrains.compose.desktop\desktop-jvm\1.2.0\b40f90472dd0d318e490e9b42a45e1aa2787ea52\desktop-jvm-1.2.0.jar;C:\Users\Patricio Cifredo\.gradle\caches\modules-2\files-2.1\org.jetbrains\annotations\13.0\919f0dfe192fb4e063e7dacadee7f8bb9a2672a9\annotations-13.0.jar;C:\Users\Patricio Cifredo\.gradle\caches\modules-2\files-2.1\org.jetbrains.compose.material\material-desktop\1.2.0\9da8852a7bb56d138959a798cea63c0ad3395b23\material-desktop-1.2.0.jar;C:\Users\Patricio Cifredo\.gradle\caches\modules-2\files-2.1\org.jetbrains.compose.foundation\foundation-desktop\1.2.0\ccfcc4364865de8cac6b9fe84db7967311ababf6\foundation-desktop-1.2.0.jar;C:\Users\Patricio Cifredo\.gradle\caches\modules-2\files-2.1\org.jetbrains.compose.ui\ui-desktop\1.2.0\dbf2a12453f7d0548ebadf1c93421ca1e6f87bb7\ui-desktop-1.2.0.jar;C:\Users\Patricio Cifredo\.gradle\caches\modules-2\files-2.1\org.jetbrains.compose.ui\ui-tooling-preview-desktop\1.2.0\b57e16cd7cca67c9aa0bfb85aba98e393c486771\ui-tooling-preview-desktop-1.2.0.jar;C:\Users\Patricio Cifredo\.gradle\caches\modules-2\files-2.1\org.jetbrains.compose.runt
Launcher Type: SUN_STANDARD

[Global flags]
     intx CICompilerCount                          = 3                                         {product} {ergonomic}
     uint ConcGCThreads                            = 1                                         {product} {ergonomic}
     uint G1ConcRefinementThreads                  = 4                                         {product} {ergonomic}
   size_t G1HeapRegionSize                         = 2097152                                   {product} {ergonomic}
    uintx GCDrainStackTargetSize                   = 64                                        {product} {ergonomic}
   size_t InitialHeapSize                          = 268435456                                 {product} {ergonomic}
   size_t MarkStackSize                            = 4194304                                   {product} {ergonomic}
   size_t MaxHeapSize                              = 4273995776                                {product} {ergonomic}
   size_t MaxNewSize                               = 2562719744                                {product} {ergonomic}
   size_t MinHeapDeltaBytes                        = 2097152                                   {product} {ergonomic}
   size_t MinHeapSize                              = 8388608                                   {product} {ergonomic}
    uintx NonNMethodCodeHeapSize                   = 5832780                                {pd product} {ergonomic}
    uintx NonProfiledCodeHeapSize                  = 122912730                              {pd product} {ergonomic}
    uintx ProfiledCodeHeapSize                     = 122912730                              {pd product} {ergonomic}
    uintx ReservedCodeCacheSize                    = 251658240                              {pd product} {ergonomic}
     bool SegmentedCodeCache                       = true                                      {product} {ergonomic}
   size_t SoftMaxHeapSize                          = 4273995776                             {manageable} {ergonomic}
     bool UseCompressedClassPointers               = true                           {product lp64_product} {ergonomic}
     bool UseCompressedOops                        = true                           {product lp64_product} {ergonomic}
     bool UseG1GC                                  = true                                      {product} {ergonomic}
     bool UseLargePagesIndividualAllocation        = false                                  {pd product} {ergonomic}

Logging:
Log output configuration:
 #0: stdout all=warning uptime,level,tags
 #1: stderr all=off uptime,level,tags

Environment Variables:
JAVA_HOME=D:\
PATH=D:\bin;C:\Oracle10g\app\oracle\product\10.2.0\server\bin;C:\Program Files\Common Files\Oracle\Java\javapath;C:\Program Files (x86)\Common Files\Oracle\Java\javapath;C:\WINDOWS\system32;C:\WINDOWS;C:\WINDOWS\System32\Wbem;C:\WINDOWS\System32\WindowsPowerShell\v1.0\;C:\WINDOWS\System32\OpenSSH\;C:\Program Files\AutoFirma\AutoFirma;C:\Program Files\Git\cmd;C:\Program Files (x86)\BaseX\bin;C:\Program Files\MySQL\MySQL Shell 8.0\bin\;C:\Users\Patricio Cifredo\AppData\Local\Programs\Python\Python311\Scripts\;C:\Users\Patricio Cifredo\AppData\Local\Programs\Python\Python311\;C:\Users\Patricio Cifredo\AppData\Local\Microsoft\WindowsApps;;C:\Program Files\JetBrains\PyCharm Community Edition 2022.2.3\bin;;C:\Users\Patricio Cifredo\AppData\Local\Programs\Microsoft VS Code\bin;D:\IntelliJ IDEA Community Edition 2022.3\bin;
USERNAME=Patricio Cifredo
OS=Windows_NT
PROCESSOR_IDENTIFIER=Intel64 Family 6 Model 142 Stepping 9, GenuineIntel
TMP=C:\Users\PATRIC~1\AppData\Local\Temp
TEMP=C:\Users\PATRIC~1\AppData\Local\Temp



---------------  S Y S T E M  ---------------

OS:
 Windows 10 , 64 bit Build 19041 (10.0.19041.928)
OS uptime: 4 days 0:11 hours

CPU: total 4 (initial active 4) (2 cores per cpu, 2 threads per core) family 6 model 142 stepping 9 microcode 0xb4, cx8, cmov, fxsr, ht, mmx, 3dnowpref, sse, sse2, sse3, ssse3, sse4.1, sse4.2, popcnt, lzcnt, tsc, tscinvbit, avx, avx2, aes, erms, clmul, bmi1, bmi2, adx, fma, vzeroupper, clflush, clflushopt

Memory: 4k page, system-wide physical 16296M (7861M free)
TotalPageFile size 18728M (AvailPageFile size 8336M)
current process WorkingSet (physical memory assigned to process): 220M, peak: 220M
current process commit charge ("private bytes"): 244M, peak: 448M

vm_info: OpenJDK 64-Bit Server VM (17.0.7+7-LTS) for windows-amd64 JRE (17.0.7+7-LTS), built on Apr 14 2023 01:39:21 by "Administrator" with MS VC++ 15.9 (VS2017)

END.
